<?xml version="1.0" encoding="UTF-8"?>
<testng-results ignored="0" total="1" passed="1" failed="0" skipped="0">
  <reporter-output>
  </reporter-output>
  <suite started-at="2022-08-24T23:49:10Z" name="Default suite" finished-at="2022-08-24T23:49:19Z" duration-ms="8870">
    <groups>
    </groups>
    <test started-at="2022-08-24T23:49:10Z" name="Default test" finished-at="2022-08-24T23:49:19Z" duration-ms="8870">
      <class name="com.sde.TC_Login">
        <test-method signature="login_Test()[pri:0, instance:com.sde.TC_Login@3403e2ac]" started-at="2022-08-24T23:49:10Z" name="login_Test" finished-at="2022-08-24T23:49:19Z" duration-ms="8855" status="PASS">
          <reporter-output>
          </reporter-output>
        </test-method> <!-- login_Test -->
      </class> <!-- com.sde.TC_Login -->
    </test> <!-- Default test -->
  </suite> <!-- Default suite -->
</testng-results>
